<?xml version="1.0" encoding="UTF-8"?>
<!-- Generated by org.testng.reporters.JUnitReportReporter -->
<testsuite hostname="ShivaniBu-W7" name="example.NewTest" tests="1" failures="0" timestamp="4 Jul 2018 13:50:54 GMT" time="22.536" errors="0">
  <testcase name="f" time="22.536" classname="example.NewTest"/>
</testsuite> <!-- example.NewTest -->
